<?xml version="1.0" encoding="UTF-8"?>
<!-- Generated by org.testng.reporters.JUnitXMLReporter -->
<testsuite ignored="0" hostname="DESKTOP-MADHAVARAOMANCHI" failures="0" tests="10" name="E2E Parallel Tests" time="35.403" errors="0" timestamp="2025-12-30T14:56:15 IST">
  <testcase classname="maddy.selproject.SwagLab.tests.SwagLabTest" name="verifyCompletePurchaseFlow" time="12.503"/>
  <testcase classname="maddy.selproject.SwagLab.tests.SwagLabTest" name="verifyCompletePurchaseFlow" time="15.849"/>
  <testcase classname="maddy.selproject.SwagLab.tests.SwagLabTest" name="verifyCompletePurchaseFlow" time="20.049"/>
  <testcase classname="maddy.selproject.SwagLab.tests.SwagLabTest" name="verifyCompletePurchaseFlow" time="17.962"/>
  <testcase classname="maddy.selproject.SwagLab.tests.SwagLabTest" name="verifyCompletePurchaseFlow" time="18.623"/>
  <testcase classname="maddy.selproject.SwagLab.tests.SwagLabTest" name="verifyCompletePurchaseFlow" time="13.454"/>
  <testcase classname="maddy.selproject.SwagLab.tests.SwagLabTest" name="verifyCompletePurchaseFlow" time="19.906"/>
  <testcase classname="maddy.selproject.SwagLab.tests.SwagLabTest" name="verifyCompletePurchaseFlow" time="14.84"/>
  <testcase classname="maddy.selproject.SwagLab.tests.SwagLabTest" name="verifyCompletePurchaseFlow" time="13.765"/>
  <testcase classname="maddy.selproject.SwagLab.tests.SwagLabTest" name="verifyCompletePurchaseFlow" time="16.667"/>
</testsuite> <!-- E2E Parallel Tests -->
